# JRE version: Java(TM) SE Runtime Environment (8.0_161-b12) (build 1.8.0_161-b12)
# Java VM: Java HotSpot(TM) 64-Bit Server VM (25.161-b12 mixed mode windows-amd64 compressed oops)
Heap:
 PSYoungGen      total 640000K, used 74759K [0x00000000d5c00000, 0x0000000100000000, 0x0000000100000000)
  eden space 604160K, 6% used [0x00000000d5c00000,0x00000000d823ff88,0x00000000faa00000)
  from space 35840K, 99% used [0x00000000faa00000,0x00000000fccc1f00,0x00000000fcd00000)
  to   space 46592K, 0% used [0x00000000fd280000,0x00000000fd280000,0x0000000100000000)
 ParOldGen       total 317440K, used 272060K [0x0000000081400000, 0x0000000094a00000, 0x00000000d5c00000)
  object space 317440K, 85% used [0x0000000081400000,0x0000000091daf058,0x0000000094a00000)
 Metaspace       used 45160K, capacity 45538K, committed 45696K, reserved 1089536K
  class space    used 6356K, capacity 6510K, committed 6528K, reserved 1048576K
GC Heap History (10 events):
Event: 32.928 GC heap before
{Heap before GC invocations=35 (full 4):
 PSYoungGen      total 498176K, used 466432K [0x00000000d5c00000, 0x00000000f6800000, 0x0000000100000000)
  eden space 466432K, 100% used [0x00000000d5c00000,0x00000000f2380000,0x00000000f2380000)
  from space 31744K, 0% used [0x00000000f4500000,0x00000000f4500000,0x00000000f6400000)
  to   space 34304K, 0% used [0x00000000f2380000,0x00000000f2380000,0x00000000f4500000)
 ParOldGen       total 317440K, used 176903K [0x0000000081400000, 0x0000000094a00000, 0x00000000d5c00000)
  object space 317440K, 55% used [0x0000000081400000,0x000000008c0c1d78,0x0000000094a00000)
 Metaspace       used 45081K, capacity 45538K, committed 45696K, reserved 1089536K
  class space    used 6356K, capacity 6510K, committed 6528K, reserved 1048576K
Event: 32.944 GC heap after
Heap after GC invocations=35 (full 4):
 PSYoungGen      total 500736K, used 29081K [0x00000000d5c00000, 0x00000000fb780000, 0x0000000100000000)
  eden space 466432K, 0% used [0x00000000d5c00000,0x00000000d5c00000,0x00000000f2380000)
  from space 34304K, 84% used [0x00000000f2380000,0x00000000f3fe6718,0x00000000f4500000)
  to   space 36864K, 0% used [0x00000000f9380000,0x00000000f9380000,0x00000000fb780000)
 ParOldGen       total 317440K, used 176903K [0x0000000081400000, 0x0000000094a00000, 0x00000000d5c00000)
  object space 317440K, 55% used [0x0000000081400000,0x000000008c0c1d78,0x0000000094a00000)
 Metaspace       used 45081K, capacity 45538K, committed 45696K, reserved 1089536K
  class space    used 6356K, capacity 6510K, committed 6528K, reserved 1048576K
}
Event: 34.937 GC heap before
{Heap before GC invocations=36 (full 4):
 PSYoungGen      total 500736K, used 495513K [0x00000000d5c00000, 0x00000000fb780000, 0x0000000100000000)
  eden space 466432K, 100% used [0x00000000d5c00000,0x00000000f2380000,0x00000000f2380000)
  from space 34304K, 84% used [0x00000000f2380000,0x00000000f3fe6718,0x00000000f4500000)
  to   space 36864K, 0% used [0x00000000f9380000,0x00000000f9380000,0x00000000fb780000)
 ParOldGen       total 317440K, used 176903K [0x0000000081400000, 0x0000000094a00000, 0x00000000d5c00000)
  object space 317440K, 55% used [0x0000000081400000,0x000000008c0c1d78,0x0000000094a00000)
 Metaspace       used 45092K, capacity 45538K, committed 45696K, reserved 1089536K
  class space    used 6356K, capacity 6510K, committed 6528K, reserved 1048576K
Event: 34.960 GC heap after
Heap after GC invocations=36 (full 4):
 PSYoungGen      total 579072K, used 28377K [0x00000000d5c00000, 0x00000000fbb80000, 0x0000000100000000)
  eden space 542208K, 0% used [0x00000000d5c00000,0x00000000d5c00000,0x00000000f6d80000)
  from space 36864K, 76% used [0x00000000f9380000,0x00000000faf36580,0x00000000fb780000)
  to   space 38912K, 0% used [0x00000000f6d80000,0x00000000f6d80000,0x00000000f9380000)
 ParOldGen       total 317440K, used 200591K [0x0000000081400000, 0x0000000094a00000, 0x00000000d5c00000)
  object space 317440K, 63% used [0x0000000081400000,0x000000008d7e3d78,0x0000000094a00000)
 Metaspace       used 45092K, capacity 45538K, committed 45696K, reserved 1089536K
  class space    used 6356K, capacity 6510K, committed 6528K, reserved 1048576K
}
Event: 36.805 GC heap before
{Heap before GC invocations=37 (full 4):
 PSYoungGen      total 579072K, used 570585K [0x00000000d5c00000, 0x00000000fbb80000, 0x0000000100000000)
  eden space 542208K, 100% used [0x00000000d5c00000,0x00000000f6d80000,0x00000000f6d80000)
  from space 36864K, 76% used [0x00000000f9380000,0x00000000faf36580,0x00000000fb780000)
  to   space 38912K, 0% used [0x00000000f6d80000,0x00000000f6d80000,0x00000000f9380000)
 ParOldGen       total 317440K, used 200591K [0x0000000081400000, 0x0000000094a00000, 0x00000000d5c00000)
  object space 317440K, 63% used [0x0000000081400000,0x000000008d7e3d78,0x0000000094a00000)
 Metaspace       used 45100K, capacity 45538K, committed 45696K, reserved 1089536K
  class space    used 6356K, capacity 6510K, committed 6528K, reserved 1048576K
Event: 36.831 GC heap after
Heap after GC invocations=37 (full 4):
 PSYoungGen      total 581120K, used 32774K [0x00000000d5c00000, 0x0000000100000000, 0x0000000100000000)
  eden space 542208K, 0% used [0x00000000d5c00000,0x00000000d5c00000,0x00000000f6d80000)
  from space 38912K, 84% used [0x00000000f6d80000,0x00000000f8d81960,0x00000000f9380000)
  to   space 41984K, 0% used [0x00000000fd700000,0x00000000fd700000,0x0000000100000000)
 ParOldGen       total 317440K, used 222751K [0x0000000081400000, 0x0000000094a00000, 0x00000000d5c00000)
  object space 317440K, 70% used [0x0000000081400000,0x000000008ed87d78,0x0000000094a00000)
 Metaspace       used 45100K, capacity 45538K, committed 45696K, reserved 1089536K
  class space    used 6356K, capacity 6510K, committed 6528K, reserved 1048576K
}
Event: 38.667 GC heap before
{Heap before GC invocations=38 (full 4):
 PSYoungGen      total 581120K, used 574982K [0x00000000d5c00000, 0x0000000100000000, 0x0000000100000000)
  eden space 542208K, 100% used [0x00000000d5c00000,0x00000000f6d80000,0x00000000f6d80000)
  from space 38912K, 84% used [0x00000000f6d80000,0x00000000f8d81960,0x00000000f9380000)
  to   space 41984K, 0% used [0x00000000fd700000,0x00000000fd700000,0x0000000100000000)
 ParOldGen       total 317440K, used 222751K [0x0000000081400000, 0x0000000094a00000, 0x00000000d5c00000)
  object space 317440K, 70% used [0x0000000081400000,0x000000008ed87d78,0x0000000094a00000)
 Metaspace       used 45132K, capacity 45538K, committed 45696K, reserved 1089536K
  class space    used 6356K, capacity 6510K, committed 6528K, reserved 1048576K
Event: 38.700 GC heap after
Heap after GC invocations=38 (full 4):
 PSYoungGen      total 646144K, used 31793K [0x00000000d5c00000, 0x0000000100000000, 0x0000000100000000)
  eden space 604160K, 0% used [0x00000000d5c00000,0x00000000d5c00000,0x00000000faa00000)
  from space 41984K, 75% used [0x00000000fd700000,0x00000000ff60c738,0x0000000100000000)
  to   space 44032K, 0% used [0x00000000faa00000,0x00000000faa00000,0x00000000fd500000)
 ParOldGen       total 317440K, used 248399K [0x0000000081400000, 0x0000000094a00000, 0x00000000d5c00000)
  object space 317440K, 78% used [0x0000000081400000,0x0000000090693d78,0x0000000094a00000)
 Metaspace       used 45132K, capacity 45538K, committed 45696K, reserved 1089536K
  class space    used 6356K, capacity 6510K, committed 6528K, reserved 1048576K
}
Event: 40.910 GC heap before
{Heap before GC invocations=39 (full 4):
 PSYoungGen      total 646144K, used 635953K [0x00000000d5c00000, 0x0000000100000000, 0x0000000100000000)
  eden space 604160K, 100% used [0x00000000d5c00000,0x00000000faa00000,0x00000000faa00000)
  from space 41984K, 75% used [0x00000000fd700000,0x00000000ff60c738,0x0000000100000000)
  to   space 44032K, 0% used [0x00000000faa00000,0x00000000faa00000,0x00000000fd500000)
 ParOldGen       total 317440K, used 248399K [0x0000000081400000, 0x0000000094a00000, 0x00000000d5c00000)
  object space 317440K, 78% used [0x0000000081400000,0x0000000090693d78,0x0000000094a00000)
 Metaspace       used 45160K, capacity 45538K, committed 45696K, reserved 1089536K
  class space    used 6356K, capacity 6510K, committed 6528K, reserved 1048576K
Event: 40.939 GC heap after
Heap after GC invocations=39 (full 4):
 PSYoungGen      total 640000K, used 35591K [0x00000000d5c00000, 0x0000000100000000, 0x0000000100000000)
  eden space 604160K, 0% used [0x00000000d5c00000,0x00000000d5c00000,0x00000000faa00000)
  from space 35840K, 99% used [0x00000000faa00000,0x00000000fccc1f00,0x00000000fcd00000)
  to   space 46592K, 0% used [0x00000000fd280000,0x00000000fd280000,0x0000000100000000)
 ParOldGen       total 317440K, used 272060K [0x0000000081400000, 0x0000000094a00000, 0x00000000d5c00000)
  object space 317440K, 85% used [0x0000000081400000,0x0000000091daf058,0x0000000094a00000)
 Metaspace       used 45160K, capacity 45538K, committed 45696K, reserved 1089536K
  class space    used 6356K, capacity 6510K, committed 6528K, reserved 1048576K
}

